0 info it worked if it ends with ok
1 verbose cli [ 'node', '/usr/local/bin/npm', 'install', 'mongojs', '-g' ]
2 info using npm@1.4.28
3 info using node@v0.10.32
4 verbose cache add [ 'mongojs', null ]
5 verbose cache add name=undefined spec="mongojs" args=["mongojs",null]
6 verbose parsed url { protocol: null,
6 verbose parsed url   slashes: null,
6 verbose parsed url   auth: null,
6 verbose parsed url   host: null,
6 verbose parsed url   port: null,
6 verbose parsed url   hostname: null,
6 verbose parsed url   hash: null,
6 verbose parsed url   search: null,
6 verbose parsed url   query: null,
6 verbose parsed url   pathname: 'mongojs',
6 verbose parsed url   path: 'mongojs',
6 verbose parsed url   href: 'mongojs' }
7 silly lockFile 5bfdf85a-mongojs mongojs
8 verbose lock mongojs /Users/BIEG/.npm/5bfdf85a-mongojs.lock
9 silly lockFile 5bfdf85a-mongojs mongojs
10 silly lockFile 5bfdf85a-mongojs mongojs
11 verbose addNamed [ 'mongojs', '' ]
12 verbose addNamed [ null, '*' ]
13 silly lockFile 9d373183-mongojs mongojs@
14 verbose lock mongojs@ /Users/BIEG/.npm/9d373183-mongojs.lock
15 silly addNameRange { name: 'mongojs', range: '*', hasData: false }
16 verbose request where is /mongojs
17 verbose request registry https://registry.npmjs.org/
18 verbose request id 4b23fed203f8f14c
19 verbose url raw /mongojs
20 verbose url resolving [ 'https://registry.npmjs.org/', './mongojs' ]
21 verbose url resolved https://registry.npmjs.org/mongojs
22 verbose request where is https://registry.npmjs.org/mongojs
23 info trying registry request attempt 1 at 21:13:02
24 http GET https://registry.npmjs.org/mongojs
25 http 200 https://registry.npmjs.org/mongojs
26 silly registry.get cb [ 200,
26 silly registry.get   { server: 'CouchDB/1.5.0 (Erlang OTP/R16B03)',
26 silly registry.get     etag: '"AFMTU1TRJW4E8SU50T8PIVDEV"',
26 silly registry.get     'content-type': 'application/json',
26 silly registry.get     'cache-control': 'max-age=300',
26 silly registry.get     'content-length': '140629',
26 silly registry.get     'accept-ranges': 'bytes',
26 silly registry.get     date: 'Sun, 21 Feb 2016 20:12:21 GMT',
26 silly registry.get     via: '1.1 varnish',
26 silly registry.get     age: '165',
26 silly registry.get     connection: 'keep-alive',
26 silly registry.get     'x-served-by': 'cache-ams4142-AMS',
26 silly registry.get     'x-cache': 'HIT',
26 silly registry.get     'x-cache-hits': '1',
26 silly registry.get     'x-timer': 'S1456085541.278092,VS0,VE0',
26 silly registry.get     vary: 'Accept' } ]
27 silly addNameRange number 2 { name: 'mongojs', range: '*', hasData: true }
28 silly addNameRange versions [ 'mongojs',
28 silly addNameRange   [ '0.1.0',
28 silly addNameRange     '0.1.1',
28 silly addNameRange     '0.1.4',
28 silly addNameRange     '0.1.5',
28 silly addNameRange     '0.1.6',
28 silly addNameRange     '0.1.8',
28 silly addNameRange     '0.1.9',
28 silly addNameRange     '0.2.0',
28 silly addNameRange     '0.2.1',
28 silly addNameRange     '0.2.2',
28 silly addNameRange     '0.2.3',
28 silly addNameRange     '0.2.4',
28 silly addNameRange     '0.2.5',
28 silly addNameRange     '0.2.6',
28 silly addNameRange     '0.3.0',
28 silly addNameRange     '0.3.1',
28 silly addNameRange     '0.3.2',
28 silly addNameRange     '0.4.0',
28 silly addNameRange     '0.4.1',
28 silly addNameRange     '0.4.2',
28 silly addNameRange     '0.4.3',
28 silly addNameRange     '0.4.4',
28 silly addNameRange     '0.4.5',
28 silly addNameRange     '0.4.6',
28 silly addNameRange     '0.5.0',
28 silly addNameRange     '0.5.1',
28 silly addNameRange     '0.6.0',
28 silly addNameRange     '0.6.1',
28 silly addNameRange     '0.6.2',
28 silly addNameRange     '0.6.3',
28 silly addNameRange     '0.6.4',
28 silly addNameRange     '0.7.0',
28 silly addNameRange     '0.7.1',
28 silly addNameRange     '0.7.2',
28 silly addNameRange     '0.7.3',
28 silly addNameRange     '0.7.4',
28 silly addNameRange     '0.7.5',
28 silly addNameRange     '0.7.6',
28 silly addNameRange     '0.7.7',
28 silly addNameRange     '0.7.8',
28 silly addNameRange     '0.7.9',
28 silly addNameRange     '0.7.10',
28 silly addNameRange     '0.7.11',
28 silly addNameRange     '0.7.13',
28 silly addNameRange     '0.7.14',
28 silly addNameRange     '0.7.15',
28 silly addNameRange     '0.7.16',
28 silly addNameRange     '0.7.17',
28 silly addNameRange     '0.8.0',
28 silly addNameRange     '0.8.1',
28 silly addNameRange     '0.9.0',
28 silly addNameRange     '0.9.1',
28 silly addNameRange     '0.9.2',
28 silly addNameRange     '0.9.3',
28 silly addNameRange     '0.9.4',
28 silly addNameRange     '0.9.5',
28 silly addNameRange     '0.9.6',
28 silly addNameRange     '0.9.7',
28 silly addNameRange     '0.9.8',
28 silly addNameRange     '0.9.9',
28 silly addNameRange     '0.9.10',
28 silly addNameRange     '0.9.11',
28 silly addNameRange     '0.10.0',
28 silly addNameRange     '0.10.1',
28 silly addNameRange     '0.11.0',
28 silly addNameRange     '0.11.1',
28 silly addNameRange     '0.12.0',
28 silly addNameRange     '0.12.1',
28 silly addNameRange     '0.13.0',
28 silly addNameRange     '0.13.1',
28 silly addNameRange     '0.14.0',
28 silly addNameRange     '0.14.1',
28 silly addNameRange     '0.14.2',
28 silly addNameRange     '0.15.0',
28 silly addNameRange     '0.15.1',
28 silly addNameRange     '0.16.0',
28 silly addNameRange     '0.17.0',
28 silly addNameRange     '0.18.0',
28 silly addNameRange     '0.18.1',
28 silly addNameRange     '0.18.2',
28 silly addNameRange     '1.0.0-beta1',
28 silly addNameRange     '1.0.0-beta2',
28 silly addNameRange     '1.0.0-beta3',
28 silly addNameRange     '1.0.0-beta4',
28 silly addNameRange     '1.0.0',
28 silly addNameRange     '1.0.1',
28 silly addNameRange     '1.0.2',
28 silly addNameRange     '1.1.0',
28 silly addNameRange     '1.2.0',
28 silly addNameRange     '1.2.1',
28 silly addNameRange     '1.3.0',
28 silly addNameRange     '1.4.0',
28 silly addNameRange     '1.4.1',
28 silly addNameRange     '2.0.0',
28 silly addNameRange     '2.1.0',
28 silly addNameRange     '2.2.0',
28 silly addNameRange     '2.2.1',
28 silly addNameRange     '2.2.2',
28 silly addNameRange     '2.3.0' ] ]
29 verbose addNamed [ 'mongojs', '2.3.0' ]
30 verbose addNamed [ '2.3.0', '2.3.0' ]
31 silly lockFile f1582e1a-mongojs-2-3-0 mongojs@2.3.0
32 verbose lock mongojs@2.3.0 /Users/BIEG/.npm/f1582e1a-mongojs-2-3-0.lock
33 silly lockFile 83215b4c-js-org-mongojs-mongojs-2-3-0-tgz https://registry.npmjs.org/mongojs/-/mongojs-2.3.0.tgz
34 verbose lock https://registry.npmjs.org/mongojs/-/mongojs-2.3.0.tgz /Users/BIEG/.npm/83215b4c-js-org-mongojs-mongojs-2-3-0-tgz.lock
35 verbose addRemoteTarball [ 'https://registry.npmjs.org/mongojs/-/mongojs-2.3.0.tgz',
35 verbose addRemoteTarball   '3bcb6e79ae5d5b60ea697f883663cfeed322d77d' ]
36 info retry fetch attempt 1 at 21:13:02
37 verbose fetch to= /var/folders/ll/p7w8p2b14xjdn2cpfzk2309w0000gn/T/npm-85327-xllz2Fj3/registry.npmjs.org/mongojs/-/mongojs-2.3.0.tgz
38 http GET https://registry.npmjs.org/mongojs/-/mongojs-2.3.0.tgz
39 http 200 https://registry.npmjs.org/mongojs/-/mongojs-2.3.0.tgz
40 silly lockFile 83215b4c-js-org-mongojs-mongojs-2-3-0-tgz https://registry.npmjs.org/mongojs/-/mongojs-2.3.0.tgz
41 silly lockFile 83215b4c-js-org-mongojs-mongojs-2-3-0-tgz https://registry.npmjs.org/mongojs/-/mongojs-2.3.0.tgz
42 silly lockFile f1582e1a-mongojs-2-3-0 mongojs@2.3.0
43 silly lockFile f1582e1a-mongojs-2-3-0 mongojs@2.3.0
44 silly lockFile 9d373183-mongojs mongojs@
45 silly lockFile 9d373183-mongojs mongojs@
46 silly resolved [ { name: 'mongojs',
46 silly resolved     description: 'Easy to use module that implements the mongo api',
46 silly resolved     keywords: [ 'mongo', 'db', 'mongodb' ],
46 silly resolved     version: '2.3.0',
46 silly resolved     repository: { type: 'git', url: 'git://github.com/mafintosh/mongojs.git' },
46 silly resolved     author: { name: 'Mathias Buus Madsen', email: 'mathiasbuus@gmail.com' },
46 silly resolved     license: 'MIT',
46 silly resolved     contributors:
46 silly resolved      [ [Object],
46 silly resolved        [Object],
46 silly resolved        [Object],
46 silly resolved        [Object],
46 silly resolved        [Object],
46 silly resolved        [Object],
46 silly resolved        [Object],
46 silly resolved        [Object],
46 silly resolved        [Object],
46 silly resolved        [Object],
46 silly resolved        [Object],
46 silly resolved        [Object],
46 silly resolved        [Object],
46 silly resolved        [Object] ],
46 silly resolved     dependencies:
46 silly resolved      { 'each-series': '^1.0.0',
46 silly resolved        mongodb: '^2.0.45',
46 silly resolved        once: '^1.3.2',
46 silly resolved        'parse-mongo-url': '^1.1.0',
46 silly resolved        'readable-stream': '^2.0.2',
46 silly resolved        thunky: '^0.1.0',
46 silly resolved        'to-mongodb-core': '^2.0.0',
46 silly resolved        xtend: '^4.0.0' },
46 silly resolved     scripts:
46 silly resolved      { test: 'standard && tape test/test-*.js && node --harmony --harmony-proxies node_modules/tape/bin/tape test/test-*.js',
46 silly resolved        cover: 'node --harmony --harmony-proxies node_modules/istanbul/lib/cli.js cover node_modules/tape/bin/tape test/test-*.js --report html',
46 silly resolved        geotag: 'geopkg update' },
46 silly resolved     devDependencies:
46 silly resolved      { 'concat-stream': '^1.5.0',
46 silly resolved        geopkg: '^4.0.3',
46 silly resolved        istanbul: '^0.4.1',
46 silly resolved        shelljs: '^0.5.3',
46 silly resolved        standard: '^5.4.1',
46 silly resolved        tape: '^4.0.1' },
46 silly resolved     coordinates: [ 48.2288574, 16.3957216 ],
46 silly resolved     gitHead: '0474215d398cfedb87a94c966455bda149184fc4',
46 silly resolved     bugs: { url: 'https://github.com/mafintosh/mongojs/issues' },
46 silly resolved     homepage: 'https://github.com/mafintosh/mongojs#readme',
46 silly resolved     _id: 'mongojs@2.3.0',
46 silly resolved     _shasum: '3bcb6e79ae5d5b60ea697f883663cfeed322d77d',
46 silly resolved     _from: 'mongojs@',
46 silly resolved     _npmVersion: '2.14.12',
46 silly resolved     _nodeVersion: '4.2.4',
46 silly resolved     _npmUser: { name: 'saintedlama', email: 'christoph.walcher@gmail.com' },
46 silly resolved     dist:
46 silly resolved      { shasum: '3bcb6e79ae5d5b60ea697f883663cfeed322d77d',
46 silly resolved        tarball: 'http://registry.npmjs.org/mongojs/-/mongojs-2.3.0.tgz' },
46 silly resolved     maintainers: [ [Object], [Object], [Object], [Object] ],
46 silly resolved     directories: {},
46 silly resolved     _resolved: 'https://registry.npmjs.org/mongojs/-/mongojs-2.3.0.tgz' } ]
47 info install mongojs@2.3.0 into /usr/local/lib
48 info installOne mongojs@2.3.0
49 verbose lib/node_modules/mongojs unbuild
50 verbose tar unpack /Users/BIEG/.npm/mongojs/2.3.0/package.tgz
51 silly lockFile 23529455-r-local-lib-node-modules-mongojs tar:///usr/local/lib/node_modules/mongojs
52 verbose lock tar:///usr/local/lib/node_modules/mongojs /Users/BIEG/.npm/23529455-r-local-lib-node-modules-mongojs.lock
53 silly lockFile 911b8901-EG-npm-mongojs-2-3-0-package-tgz tar:///Users/BIEG/.npm/mongojs/2.3.0/package.tgz
54 verbose lock tar:///Users/BIEG/.npm/mongojs/2.3.0/package.tgz /Users/BIEG/.npm/911b8901-EG-npm-mongojs-2-3-0-package-tgz.lock
55 silly gunzTarPerm modes [ '755', '644' ]
56 error Error: EACCES, mkdir '/usr/local/lib/node_modules/mongojs'
56 error  { [Error: EACCES, mkdir '/usr/local/lib/node_modules/mongojs']
56 error   errno: 3,
56 error   code: 'EACCES',
56 error   path: '/usr/local/lib/node_modules/mongojs',
56 error   fstream_type: 'Directory',
56 error   fstream_path: '/usr/local/lib/node_modules/mongojs',
56 error   fstream_class: 'DirWriter',
56 error   fstream_stack:
56 error    [ '/usr/local/lib/node_modules/npm/node_modules/fstream/lib/dir-writer.js:36:23',
56 error      '/usr/local/lib/node_modules/npm/node_modules/mkdirp/index.js:46:53',
56 error      'Object.oncomplete (fs.js:107:15)' ] }
57 error Please try running this command again as root/Administrator.
58 error System Darwin 15.3.0
59 error command "node" "/usr/local/bin/npm" "install" "mongojs" "-g"
60 error cwd /Applications/MAMP/htdocs/Bieg/baf
61 error node -v v0.10.32
62 error npm -v 1.4.28
63 error path /usr/local/lib/node_modules/mongojs
64 error fstream_path /usr/local/lib/node_modules/mongojs
65 error fstream_type Directory
66 error fstream_class DirWriter
67 error code EACCES
68 error errno 3
69 error stack Error: EACCES, mkdir '/usr/local/lib/node_modules/mongojs'
70 error fstream_stack /usr/local/lib/node_modules/npm/node_modules/fstream/lib/dir-writer.js:36:23
70 error fstream_stack /usr/local/lib/node_modules/npm/node_modules/mkdirp/index.js:46:53
70 error fstream_stack Object.oncomplete (fs.js:107:15)
71 verbose exit [ 3, true ]
